<?xml version="1.0" encoding="UTF-8"?>
<!-- Generated by org.testng.reporters.JUnitReportReporter -->
<testsuite skipped="0" hostname="LAPTOP-RJ0I0BI6" name="com.test.AutomationPracticeMaven.setup" tests="4" failures="0" timestamp="14 May 2018 03:47:57 GMT" time="48.389" errors="0">
  <testcase name="dressselection1" time="12.277" classname="com.test.AutomationPracticeMaven.setup"/>
  <testcase name="signup1" time="3.904" classname="com.test.AutomationPracticeMaven.setup"/>
  <testcase name="shipmentprocess1" time="20.853" classname="com.test.AutomationPracticeMaven.setup"/>
  <testcase name="shippingproduct1" time="11.355" classname="com.test.AutomationPracticeMaven.setup"/>
</testsuite> <!-- com.test.AutomationPracticeMaven.setup -->
